0 info it worked if it ends with ok
1 verbose cli [ 'C:\\Program Files\\nodejs\\\\node.exe',
1 verbose cli   'C:\\Program Files\\nodejs\\node_modules\\npm\\bin\\npm-cli.js',
1 verbose cli   'install' ]
2 info using npm@1.4.9
3 info using node@v0.10.28
4 verbose node symlink C:\Program Files\nodejs\\node.exe
5 warn package.json pam@0.0.1 No repository field.
6 warn package.json pam@0.0.1 No README data
7 verbose readDependencies using package.json deps
8 verbose install where, deps [ 'C:\\Users\\Disha\\Documents\\GitHub\\wam',
8 verbose install   [ 'express', 'mongoose', 'mongojs', 'angular', 'bootstrap' ] ]
9 info preinstall pam@0.0.1
10 verbose readDependencies using package.json deps
11 verbose already installed skipping mongojs@~0.13.0 C:\Users\Disha\Documents\GitHub\wam
12 verbose cache add [ 'angular@~1.3.0', null ]
13 verbose cache add name=undefined spec="angular@~1.3.0" args=["angular@~1.3.0",null]
14 verbose parsed url { protocol: null,
14 verbose parsed url   slashes: null,
14 verbose parsed url   auth: null,
14 verbose parsed url   host: null,
14 verbose parsed url   port: null,
14 verbose parsed url   hostname: null,
14 verbose parsed url   hash: null,
14 verbose parsed url   search: null,
14 verbose parsed url   query: null,
14 verbose parsed url   pathname: 'angular@~1.3.0',
14 verbose parsed url   path: 'angular@~1.3.0',
14 verbose parsed url   href: 'angular@~1.3.0' }
15 verbose cache add name="angular" spec="~1.3.0" args=["angular","~1.3.0"]
16 verbose parsed url { protocol: null,
16 verbose parsed url   slashes: null,
16 verbose parsed url   auth: null,
16 verbose parsed url   host: null,
16 verbose parsed url   port: null,
16 verbose parsed url   hostname: null,
16 verbose parsed url   hash: null,
16 verbose parsed url   search: null,
16 verbose parsed url   query: null,
16 verbose parsed url   pathname: '~1.3.0',
16 verbose parsed url   path: '~1.3.0',
16 verbose parsed url   href: '~1.3.0' }
17 verbose addNamed [ 'angular', '~1.3.0' ]
18 verbose addNamed [ null, '>=1.3.0-0 <1.4.0-0' ]
19 verbose already installed skipping bootstrap@* C:\Users\Disha\Documents\GitHub\wam
20 verbose already installed skipping express@~3.4.4 C:\Users\Disha\Documents\GitHub\wam
21 verbose already installed skipping mongoose@~3.6.2 C:\Users\Disha\Documents\GitHub\wam
22 silly lockFile 5765fcab-angular-1-3-0 angular@~1.3.0
23 verbose lock angular@~1.3.0 C:\Users\Disha\AppData\Roaming\npm-cache\5765fcab-angular-1-3-0.lock
24 silly addNameRange { name: 'angular', range: '>=1.3.0-0 <1.4.0-0', hasData: false }
25 verbose url raw angular
26 verbose url resolving [ 'https://registry.npmjs.org/', './angular' ]
27 verbose url resolved https://registry.npmjs.org/angular
28 info trying registry request attempt 1 at 18:13:50
29 verbose etag "7ADYBZMW8FNVWTT2931AKDNVH"
30 http GET https://registry.npmjs.org/angular
31 http 304 https://registry.npmjs.org/angular
32 silly registry.get cb [ 304,
32 silly registry.get   { date: 'Tue, 10 Jun 2014 22:13:41 GMT',
32 silly registry.get     server: 'Apache',
32 silly registry.get     via: '1.1 varnish',
32 silly registry.get     'last-modified': 'Tue, 10 Jun 2014 22:13:41 GMT',
32 silly registry.get     'cache-control': 'max-age=1',
32 silly registry.get     etag: '"7ADYBZMW8FNVWTT2931AKDNVH"',
32 silly registry.get     'x-served-by': 'cache-v36-ASH',
32 silly registry.get     'x-cache': 'MISS',
32 silly registry.get     'x-cache-hits': '0',
32 silly registry.get     'x-timer': 'S1402438421.330231,VS0,VE161',
32 silly registry.get     vary: 'Accept',
32 silly registry.get     'content-length': '0',
32 silly registry.get     'keep-alive': 'timeout=10, max=50',
32 silly registry.get     connection: 'Keep-Alive' } ]
33 verbose etag angular from cache
34 silly addNameRange number 2 { name: 'angular', range: '>=1.3.0-0 <1.4.0-0', hasData: true }
35 silly addNameRange versions [ 'angular',
35 silly addNameRange   [ '0.0.1',
35 silly addNameRange     '0.0.1-1',
35 silly addNameRange     '0.0.1-2',
35 silly addNameRange     '0.0.2',
35 silly addNameRange     '0.0.3',
35 silly addNameRange     '0.0.4',
35 silly addNameRange     '1.0.0',
35 silly addNameRange     '1.0.1',
35 silly addNameRange     '1.0.2',
35 silly addNameRange     '1.0.3',
35 silly addNameRange     '1.0.4',
35 silly addNameRange     '1.0.5',
35 silly addNameRange     '1.0.6',
35 silly addNameRange     '1.0.7',
35 silly addNameRange     '1.0.8',
35 silly addNameRange     '1.1.0',
35 silly addNameRange     '1.1.1',
35 silly addNameRange     '1.1.2',
35 silly addNameRange     '1.1.3',
35 silly addNameRange     '1.1.4',
35 silly addNameRange     '1.1.5',
35 silly addNameRange     '1.2.0',
35 silly addNameRange     '1.2.1',
35 silly addNameRange     '1.2.2',
35 silly addNameRange     '1.2.3',
35 silly addNameRange     '1.2.4',
35 silly addNameRange     '1.2.5',
35 silly addNameRange     '1.2.6',
35 silly addNameRange     '1.2.7',
35 silly addNameRange     '1.2.8',
35 silly addNameRange     '1.2.9',
35 silly addNameRange     '1.2.10',
35 silly addNameRange     '1.2.11',
35 silly addNameRange     '1.2.12',
35 silly addNameRange     '1.2.13',
35 silly addNameRange     '1.2.14',
35 silly addNameRange     '1.2.15',
35 silly addNameRange     '1.2.16' ] ]
36 silly lockFile 5765fcab-angular-1-3-0 angular@~1.3.0
37 silly lockFile 5765fcab-angular-1-3-0 angular@~1.3.0
38 error notarget No compatible version found: angular@'>=1.3.0-0 <1.4.0-0'
38 error notarget Valid install targets:
38 error notarget ["0.0.1","0.0.1-1","0.0.1-2","0.0.2","0.0.3","0.0.4","1.0.0","1.0.1","1.0.2","1.0.3","1.0.4","1.0.5","1.0.6","1.0.7","1.0.8","1.1.0","1.1.1","1.1.2","1.1.3","1.1.4","1.1.5","1.2.0","1.2.1","1.2.2","1.2.3","1.2.4","1.2.5","1.2.6","1.2.7","1.2.8","1.2.9","1.2.10","1.2.11","1.2.12","1.2.13","1.2.14","1.2.15","1.2.16"]
38 error notarget
38 error notarget This is most likely not a problem with npm itself.
38 error notarget In most cases you or one of your dependencies are requesting
38 error notarget a package version that doesn't exist.
39 error System Windows_NT 6.2.9200
40 error command "C:\\Program Files\\nodejs\\\\node.exe" "C:\\Program Files\\nodejs\\node_modules\\npm\\bin\\npm-cli.js" "install"
41 error cwd C:\Users\Disha\Documents\GitHub\wam
42 error node -v v0.10.28
43 error npm -v 1.4.9
44 error code ETARGET
45 verbose exit [ 1, true ]
